Determining if the pthread_create exist failed with the following output:
Change Dir: /home/zhaoxf/ROS/demo01_ws/build/CMakeFiles/CMakeTmp

Run Build Command:"/usr/bin/make" "cmTC_cac44/fast"
/usr/bin/make -f CMakeFiles/cmTC_cac44.dir/build.make CMakeFiles/cmTC_cac44.dir/build
make[1]: 进入目录“/home/zhaoxf/ROS/demo01_ws/build/CMakeFiles/CMakeTmp”
Building C object CMakeFiles/cmTC_cac44.dir/CheckSymbolExists.c.o
/usr/bin/cc    -o CMakeFiles/cmTC_cac44.dir/CheckSymbolExists.c.o   -c /home/zhaoxf/ROS/demo01_ws/build/CMakeFiles/CMakeTmp/CheckSymbolExists.c
Linking C executable cmTC_cac44
/usr/bin/cmake -E cmake_link_script CMakeFiles/cmTC_cac44.dir/link.txt --verbose=1
/usr/bin/cc      -rdynamic CMakeFiles/cmTC_cac44.dir/CheckSymbolExists.c.o  -o cmTC_cac44 
CMakeFiles/cmTC_cac44.dir/CheckSymbolExists.c.o：在函数‘main’中：
CheckSymbolExists.c:(.text+0x1b)：对‘pthread_create’未定义的引用
collect2: error: ld returned 1 exit status
CMakeFiles/cmTC_cac44.dir/build.make:97: recipe for target 'cmTC_cac44' failed
make[1]: *** [cmTC_cac44] Error 1
make[1]: 离开目录“/home/zhaoxf/ROS/demo01_ws/build/CMakeFiles/CMakeTmp”
Makefile:126: recipe for target 'cmTC_cac44/fast' failed
make: *** [cmTC_cac44/fast] Error 2

File /home/zhaoxf/ROS/demo01_ws/build/CMakeFiles/CMakeTmp/CheckSymbolExists.c:
/* */
#include <pthread.h>

int main(int argc, char** argv)
{
  (void)argv;
#ifndef pthread_create
  return ((int*)(&pthread_create))[argc];
#else
  (void)argc;
  return 0;
#endif
}

Determining if the function pthread_create exists in the pthreads failed with the following output:
Change Dir: /home/zhaoxf/ROS/demo01_ws/build/CMakeFiles/CMakeTmp

Run Build Command:"/usr/bin/make" "cmTC_a334e/fast"
/usr/bin/make -f CMakeFiles/cmTC_a334e.dir/build.make CMakeFiles/cmTC_a334e.dir/build
make[1]: 进入目录“/home/zhaoxf/ROS/demo01_ws/build/CMakeFiles/CMakeTmp”
Building C object CMakeFiles/cmTC_a334e.dir/CheckFunctionExists.c.o
/usr/bin/cc   -DCHECK_FUNCTION_EXISTS=pthread_create   -o CMakeFiles/cmTC_a334e.dir/CheckFunctionExists.c.o   -c /usr/share/cmake-3.10/Modules/CheckFunctionExists.c
Linking C executable cmTC_a334e
/usr/bin/cmake -E cmake_link_script CMakeFiles/cmTC_a334e.dir/link.txt --verbose=1
/usr/bin/cc  -DCHECK_FUNCTION_EXISTS=pthread_create    -rdynamic CMakeFiles/cmTC_a334e.dir/CheckFunctionExists.c.o  -o cmTC_a334e -lpthreads 
/usr/bin/ld: 找不到 -lpthreads
collect2: error: ld returned 1 exit status
CMakeFiles/cmTC_a334e.dir/build.make:97: recipe for target 'cmTC_a334e' failed
make[1]: *** [cmTC_a334e] Error 1
make[1]: 离开目录“/home/zhaoxf/ROS/demo01_ws/build/CMakeFiles/CMakeTmp”
Makefile:126: recipe for target 'cmTC_a334e/fast' failed
make: *** [cmTC_a334e/fast] Error 2


